[2012-09-23 18:53:43] myapp.INFO: > GET /index.php [] []
[2012-09-23 18:53:43] myapp.ERROR: Template "about.twig" is not defined (Twig_Loader_Filesystem: Unable to find template "about.twig" (looked into: /home/mgz/workspace/SilexFacebookAppSkeleton/web/../src/views). Twig_Loader_Array: Template "about.twig" is not defined.). [] []
[2012-09-23 18:53:43] myapp.INFO: < 500 [] []
[2012-09-23 18:55:22] myapp.INFO: > GET /index.php [] []
[2012-09-23 18:55:22] myapp.ERROR: Template "homepage.twig" is not defined (Twig_Loader_Filesystem: Unable to find template "homepage.twig" (looked into: /home/mgz/workspace/SilexFacebookAppSkeleton/web/../src/views). Twig_Loader_Array: Template "homepage.twig" is not defined.). [] []
[2012-09-23 18:55:22] myapp.INFO: < 500 [] []
[2012-09-23 18:55:30] myapp.INFO: > GET /index.php [] []
[2012-09-23 18:55:30] myapp.INFO: < 200 [] []
[2012-09-23 18:55:56] myapp.INFO: > GET /index.php [] []
[2012-09-23 18:55:56] myapp.INFO: < 200 [] []
[2012-09-23 18:59:11] myapp.INFO: > GET /index.php [] []
[2012-09-23 18:59:11] myapp.ERROR: Unexpected token "string" of value "header" ("name" expected) in "homepage.html.twig" at line 3 [] []
[2012-09-23 18:59:11] myapp.INFO: < 500 [] []
[2012-09-23 18:59:38] myapp.INFO: > GET /index.php [] []
[2012-09-23 18:59:38] myapp.ERROR: Unexpected token "string" of value "header" ("name" expected) in "homepage.html.twig" at line 3 [] []
[2012-09-23 18:59:38] myapp.INFO: < 500 [] []
[2012-09-23 18:59:41] myapp.INFO: > GET /index.php [] []
[2012-09-23 18:59:41] myapp.ERROR: Unexpected token "string" of value "header" ("name" expected) in "homepage.html.twig" at line 3 [] []
[2012-09-23 18:59:41] myapp.INFO: < 500 [] []
[2012-09-23 18:59:43] myapp.INFO: > GET /index.php [] []
[2012-09-23 18:59:43] myapp.ERROR: Unexpected token "string" of value "header" ("name" expected) in "homepage.html.twig" at line 3 [] []
[2012-09-23 18:59:43] myapp.INFO: < 500 [] []
[2012-09-23 19:00:06] myapp.INFO: > GET /index.php [] []
[2012-09-23 19:00:06] myapp.INFO: < 200 [] []
[2012-09-23 19:03:00] myapp.INFO: > GET / [] []
[2012-09-23 19:03:00] myapp.INFO: < 200 [] []
[2012-09-23 19:03:02] myapp.INFO: > GET / [] []
[2012-09-23 19:03:02] myapp.INFO: < 200 [] []
[2012-09-23 22:12:13] myapp.ERROR: You need to set the "secret" parameter [] []
[2012-09-23 22:12:13] myapp.INFO: < 500 [] []
[2012-09-23 22:20:11] myapp.ERROR: You need to set the "secret" parameter [] []
[2012-09-23 22:20:11] myapp.INFO: < 500 [] []
[2012-09-23 22:20:16] myapp.DEBUG: Faceboo\Facebook::getPersistentDatasetPersistentData()| key=state, value= [] []
[2012-09-23 22:20:16] myapp.INFO: > GET / [] []
[2012-09-23 22:20:16] myapp.INFO: < 200 [] []
[2012-09-23 22:21:24] myapp.DEBUG: Faceboo\Facebook::getPersistentDatasetPersistentData()| key=state, value= [] []
[2012-09-23 22:21:24] myapp.INFO: > GET / [] []
[2012-09-23 22:21:24] myapp.DEBUG: Faceboo\Facebook::getPersistentDatasetPersistentData()| key=user_id, value=0 [] []
[2012-09-23 22:21:24] myapp.DEBUG: Faceboo\Facebook::getPersistentDatasetPersistentData()| key=access_token, value= [] []
[2012-09-23 22:21:24] myapp.DEBUG: Faceboo\Facebook::getPersistentDatasetPersistentData()| key=access_token, value= [] []
[2012-09-23 22:21:24] myapp.DEBUG: Faceboo\Facebook::getUser()| user=0 [] []
[2012-09-23 22:21:24] myapp.ERROR: Undefined parameters parameter "namespace" [] []
[2012-09-23 22:21:24] myapp.INFO: < 500 [] []
[2012-09-23 22:21:42] myapp.DEBUG: Faceboo\Facebook::getPersistentDatasetPersistentData()| key=state, value= [] []
[2012-09-23 22:21:42] myapp.INFO: > GET / [] []
[2012-09-23 22:21:42] myapp.DEBUG: Faceboo\Facebook::getPersistentDatasetPersistentData()| key=user_id, value=0 [] []
[2012-09-23 22:21:42] myapp.DEBUG: Faceboo\Facebook::getPersistentDatasetPersistentData()| key=access_token, value= [] []
[2012-09-23 22:21:42] myapp.DEBUG: Faceboo\Facebook::getPersistentDatasetPersistentData()| key=access_token, value= [] []
[2012-09-23 22:21:42] myapp.DEBUG: Faceboo\Facebook::getUser()| user=0 [] []
[2012-09-23 22:21:42] myapp.ERROR: Undefined parameters parameter "namespace" [] []
[2012-09-23 22:21:42] myapp.INFO: < 500 [] []
[2012-09-23 22:21:43] myapp.DEBUG: Faceboo\Facebook::getPersistentDatasetPersistentData()| key=state, value= [] []
[2012-09-23 22:21:43] myapp.INFO: > GET / [] []
[2012-09-23 22:21:43] myapp.DEBUG: Faceboo\Facebook::getPersistentDatasetPersistentData()| key=user_id, value=0 [] []
[2012-09-23 22:21:43] myapp.DEBUG: Faceboo\Facebook::getPersistentDatasetPersistentData()| key=access_token, value= [] []
[2012-09-23 22:21:43] myapp.DEBUG: Faceboo\Facebook::getPersistentDatasetPersistentData()| key=access_token, value= [] []
[2012-09-23 22:21:43] myapp.DEBUG: Faceboo\Facebook::getUser()| user=0 [] []
[2012-09-23 22:21:43] myapp.ERROR: Undefined parameters parameter "namespace" [] []
[2012-09-23 22:21:43] myapp.INFO: < 500 [] []
[2012-09-23 22:21:43] myapp.DEBUG: Faceboo\Facebook::getPersistentDatasetPersistentData()| key=state, value= [] []
[2012-09-23 22:21:43] myapp.INFO: > GET / [] []
[2012-09-23 22:21:43] myapp.DEBUG: Faceboo\Facebook::getPersistentDatasetPersistentData()| key=user_id, value=0 [] []
[2012-09-23 22:21:43] myapp.DEBUG: Faceboo\Facebook::getPersistentDatasetPersistentData()| key=access_token, value= [] []
[2012-09-23 22:21:43] myapp.DEBUG: Faceboo\Facebook::getPersistentDatasetPersistentData()| key=access_token, value= [] []
[2012-09-23 22:21:43] myapp.DEBUG: Faceboo\Facebook::getUser()| user=0 [] []
[2012-09-23 22:21:43] myapp.ERROR: Undefined parameters parameter "namespace" [] []
[2012-09-23 22:21:43] myapp.INFO: < 500 [] []
[2012-09-23 22:27:52] myapp.DEBUG: Faceboo\Facebook::getPersistentDatasetPersistentData()| key=state, value= [] []
[2012-09-23 22:27:52] myapp.INFO: > POST / [] []
[2012-09-23 22:27:52] myapp.ERROR: No route found for "POST /": Method Not Allowed (Allow: GET) [] []
[2012-09-23 22:27:52] myapp.INFO: < 405 [] []
[2012-09-23 23:26:57] myapp.DEBUG: Faceboo\Facebook::getPersistentDatasetPersistentData()| key=state, value= [] []
[2012-09-23 23:26:57] myapp.INFO: > GET / [] []
[2012-09-23 23:26:57] myapp.DEBUG: Faceboo\Facebook::getPersistentDatasetPersistentData()| key=user_id, value=0 [] []
[2012-09-23 23:26:57] myapp.DEBUG: Faceboo\Facebook::getPersistentDatasetPersistentData()| key=access_token, value= [] []
[2012-09-23 23:26:57] myapp.DEBUG: Faceboo\Facebook::getPersistentDatasetPersistentData()| key=access_token, value= [] []
[2012-09-23 23:26:57] myapp.DEBUG: Faceboo\Facebook::getUser()| user=0 [] []
[2012-09-23 23:26:57] myapp.DEBUG: Faceboo\Facebook::getCurrentAppUrl()| url=http://apps.facebook.com/http://silexfbapp.local// [] []
[2012-09-23 23:26:57] myapp.DEBUG: Faceboo\Facebook::setPersistentDatasetPersistentData()| key=state, value=e019687752769e9c77962c7e1cfb3c96 [] []
[2012-09-23 23:26:57] myapp.DEBUG: Faceboo\Facebook::getCurrentUrl()| url=http://silexfbapp.local/ [] []
[2012-09-23 23:26:57] myapp.DEBUG: Faceboo\Facebook::getLoginUrl()| url=https://www.facebook.com/dialog/oauth?client_id=113291218705258&redirect_uri=http%3A%2F%2Fapps.facebook.com%2Fhttp%3A%2F%2Fsilexfbapp.local%2F%2F&state=e019687752769e9c77962c7e1cfb3c96&scope= [] []
[2012-09-23 23:26:57] myapp.INFO: < 200 [] []
[2012-09-23 23:28:12] myapp.DEBUG: Faceboo\Facebook::getPersistentDatasetPersistentData()| key=state, value=e019687752769e9c77962c7e1cfb3c96 [] []
[2012-09-23 23:28:12] myapp.INFO: > GET / [] []
[2012-09-23 23:28:12] myapp.DEBUG: Faceboo\Facebook::getPersistentDatasetPersistentData()| key=user_id, value=0 [] []
[2012-09-23 23:28:12] myapp.DEBUG: Faceboo\Facebook::getPersistentDatasetPersistentData()| key=access_token, value= [] []
[2012-09-23 23:28:12] myapp.DEBUG: Faceboo\Facebook::getPersistentDatasetPersistentData()| key=access_token, value= [] []
[2012-09-23 23:28:12] myapp.DEBUG: Faceboo\Facebook::getUser()| user=0 [] []
[2012-09-23 23:28:12] myapp.DEBUG: Faceboo\Facebook::getCurrentAppUrl()| url=http://apps.facebook.com/http://silexfbapp.local// [] []
[2012-09-23 23:28:12] myapp.DEBUG: Faceboo\Facebook::getCurrentUrl()| url=http://silexfbapp.local/ [] []
[2012-09-23 23:28:12] myapp.DEBUG: Faceboo\Facebook::getLoginUrl()| url=https://www.facebook.com/dialog/oauth?client_id=113291218705258&redirect_uri=http%3A%2F%2Fapps.facebook.com%2Fhttp%3A%2F%2Fsilexfbapp.local%2F%2F&state=e019687752769e9c77962c7e1cfb3c96&scope= [] []
[2012-09-23 23:28:12] myapp.INFO: < 200 [] []
[2012-09-23 23:28:20] myapp.DEBUG: Faceboo\Facebook::getPersistentDatasetPersistentData()| key=state, value=e019687752769e9c77962c7e1cfb3c96 [] []
[2012-09-23 23:28:20] myapp.INFO: > POST / [] []
[2012-09-23 23:28:20] myapp.ERROR: No route found for "POST /": Method Not Allowed (Allow: GET) [] []
[2012-09-23 23:28:20] myapp.INFO: < 405 [] []
[2012-09-23 23:29:57] myapp.DEBUG: Faceboo\Facebook::getPersistentDatasetPersistentData()| key=state, value=e019687752769e9c77962c7e1cfb3c96 [] []
[2012-09-23 23:29:57] myapp.INFO: > POST / [] []
[2012-09-23 23:29:57] myapp.ERROR: No route found for "POST /": Method Not Allowed (Allow: GET) [] []
[2012-09-23 23:29:57] myapp.INFO: < 405 [] []
[2012-09-23 23:31:01] myapp.DEBUG: Faceboo\Facebook::getPersistentDatasetPersistentData()| key=state, value=e019687752769e9c77962c7e1cfb3c96 [] []
[2012-09-23 23:31:01] myapp.INFO: > POST / [] []
[2012-09-23 23:31:01] myapp.ERROR: No route found for "POST /": Method Not Allowed (Allow: GET) [] []
[2012-09-23 23:31:01] myapp.INFO: < 405 [] []
[2012-09-23 23:32:06] myapp.DEBUG: Faceboo\Facebook::getPersistentDatasetPersistentData()| key=state, value=e019687752769e9c77962c7e1cfb3c96 [] []
[2012-09-23 23:33:15] myapp.DEBUG: Faceboo\Facebook::getPersistentDatasetPersistentData()| key=state, value=e019687752769e9c77962c7e1cfb3c96 [] []
